#
# A fatal error has been detected by the Java Runtime Environment:
#
#  EXCEPTION_ACCESS_VIOLATION (0xc0000005) at pc=0x00000000705e2c39, pid=17712, tid=0x0000000000002b84
#
# JRE version: Java(TM) SE Runtime Environment (8.0_111-b14) (build 1.8.0_111-b14)
# Java VM: Java HotSpot(TM) 64-Bit Server VM (25.111-b14 mixed mode windows-amd64 compressed oops)
# Problematic frame:
# C  [atio6axx.dll+0x1d92c39]
#
# Failed to write core dump. Minidumps are not enabled by default on client versions of Windows
#
# If you would like to submit a bug report, please visit:
#   http://bugreport.java.com/bugreport/crash.jsp
# The crash happened outside the Java Virtual Machine in native code.
# See problematic frame for where to report the bug.
#

---------------  T H R E A D  ---------------

Current thread (0x0000000028fbc800):  JavaThread "AWT-EventQueue-0" [_thread_in_native, id=11140, stack(0x000000002e590000,0x000000002e690000)]

siginfo: ExceptionCode=0xc0000005, reading address 0x0000000000001138

Registers:
RAX=0x0000000000000000, RBX=0x0000000000000be2, RCX=0x0000000000008006, RDX=0x0000000000008006
RSP=0x000000002e68d398, RBP=0x000000002e68d400, RSI=0x00000007c0066dc8, RDI=0x00000000705e2c30
R8 =0x0000000000008006, R9 =0x0000000000008006, R10=0x000000000365e100, R11=0x00000006c4e158e8
R12=0x0000000000000000, R13=0x00000000d8a51222, R14=0x00000000d8a50968, R15=0x0000000028fbc800
RIP=0x00000000705e2c39, EFLAGS=0x0000000000010246

Top of Stack: (sp=0x000000002e68d398)
0x000000002e68d398:   000000000365e17e 0000000800000000
0x000000002e68d3a8:   0000000b0000000a 000000010000000f
0x000000002e68d3b8:   00000006c4de8380 00000000705e2c30
0x000000002e68d3c8:   00000006c4e158e8 00000000d8a51222
0x000000002e68d3d8:   0000000003933948 000000002e68d808
0x000000002e68d3e8:   000000000375653c 00000006c5289110
0x000000002e68d3f8:   00000000038433ee 00000000d89c2b1d
0x000000002e68d408:   000000000375a6dc 00000006c4de7d30
0x000000002e68d418:   0000000003721f39 000000073f800000
0x000000002e68d428:   00000006c4de7d30 00000006c5272d90
0x000000002e68d438:   000000000389ace0 000000063f800000
0x000000002e68d448:   000000003f800000 00000000d8a40320
0x000000002e68d458:   00000000038e332c 00000006c4de7d30
0x000000002e68d468:   0000000600000000 00000006c5201900
0x000000002e68d478:   d8a4e5b23f800000 0000000000000000
0x000000002e68d488:   0000000003706dd4 000000002e68d5a0 

Instructions: (pc=0x00000000705e2c39)
0x00000000705e2c19:   ff a0 28 11 00 00 90 65 48 8b 04 25 48 16 00 00
0x00000000705e2c29:   ff a0 30 11 00 00 90 65 48 8b 04 25 48 16 00 00
0x00000000705e2c39:   ff a0 38 11 00 00 90 65 48 8b 04 25 48 16 00 00
0x00000000705e2c49:   ff a0 40 11 00 00 90 65 48 8b 04 25 48 16 00 00 


Register to memory mapping:

RAX=0x0000000000000000 is an unknown value
RBX=0x0000000000000be2 is an unknown value
RCX=0x0000000000008006 is an unknown value
RDX=0x0000000000008006 is an unknown value
RSP=0x000000002e68d398 is pointing into the stack for thread: 0x0000000028fbc800
RBP=0x000000002e68d400 is pointing into the stack for thread: 0x0000000028fbc800
RSI=0x00000007c0066dc8 is pointing into metadata
RDI=0x00000000705e2c30 is an unknown value
R8 =0x0000000000008006 is an unknown value
R9 =0x0000000000008006 is an unknown value
R10=0x000000000365e100 is at entry_point+64 in (nmethod*)0x000000000365df50
R11=0x00000006c4e158e8 is an oop
jogamp.opengl.gl4.GL4bcImpl 
 - klass: 'jogamp/opengl/gl4/GL4bcImpl'
R12=0x0000000000000000 is an unknown value
R13=0x00000000d8a51222 is an unknown value
R14=0x00000000d8a50968 is an unknown value
R15=0x0000000028fbc800 is a thread


Stack: [0x000000002e590000,0x000000002e690000],  sp=0x000000002e68d398,  free space=1012k
Native frames: (J=compiled Java code, j=interpreted, Vv=VM code, C=native code)
C  [atio6axx.dll+0x1d92c39]

Java frames: (J=compiled Java code, j=interpreted, Vv=VM code)
J 1247  jogamp.opengl.gl4.GL4bcImpl.dispatch_glBlendEquationSeparate1(IIJ)V (0 bytes) @ 0x000000000365e100 [0x000000000365e0c0+0x40]
J 1625 C2 processing.opengl.PGraphicsOpenGL.blendModeImpl()V (690 bytes) @ 0x000000000375a6dc [0x000000000375a5a0+0x13c]
J 2043 C2 processing.opengl.PGraphicsOpenGL.popStyle()V (19 bytes) @ 0x00000000038e332c [0x00000000038e3260+0xcc]
J 1900 C1 Canvas.draw()V (443 bytes) @ 0x0000000003859354 [0x0000000003857400+0x1f54]
J 1774 C1 NeuralPuppetRecorder.draw()V (127 bytes) @ 0x00000000037fd38c [0x00000000037fcd40+0x64c]
j  Animation.render(Ljava/io/File;)V+28
v  ~StubRoutines::call_stub
j  sun.reflect.NativeMethodAccessorImpl.invoke0(Ljava/lang/reflect/Method;Ljava/lang/Object;[Ljava/lang/Object;)Ljava/lang/Object;+0
j  sun.reflect.NativeMethodAccessorImpl.invoke(Ljava/lang/Object;[Ljava/lang/Object;)Ljava/lang/Object;+100
j  sun.reflect.DelegatingMethodAccessorImpl.invoke(Ljava/lang/Object;[Ljava/lang/Object;)Ljava/lang/Object;+6
j  java.lang.reflect.Method.invoke(Ljava/lang/Object;[Ljava/lang/Object;)Ljava/lang/Object;+56
j  processing.core.PApplet.selectCallback(Ljava/io/File;Ljava/lang/String;Ljava/lang/Object;)V+33
j  processing.core.PApplet.access$0(Ljava/io/File;Ljava/lang/String;Ljava/lang/Object;)V+3
j  processing.core.PApplet$3.run()V+252
j  java.awt.event.InvocationEvent.dispatch()V+47
j  java.awt.EventQueue.dispatchEventImpl(Ljava/awt/AWTEvent;Ljava/lang/Object;)V+21
j  java.awt.EventQueue.access$500(Ljava/awt/EventQueue;Ljava/awt/AWTEvent;Ljava/lang/Object;)V+3
j  java.awt.EventQueue$3.run()Ljava/lang/Void;+32
j  java.awt.EventQueue$3.run()Ljava/lang/Object;+1
v  ~StubRoutines::call_stub
j  java.security.AccessController.doPrivileged(Ljava/security/PrivilegedAction;Ljava/security/AccessControlContext;)Ljava/lang/Object;+0
j  java.security.ProtectionDomain$JavaSecurityAccessImpl.doIntersectionPrivilege(Ljava/security/PrivilegedAction;Ljava/security/AccessControlContext;Ljava/security/AccessControlContext;)Ljava/lang/Object;+18
j  java.awt.EventQueue.dispatchEvent(Ljava/awt/AWTEvent;)V+46
j  java.awt.EventDispatchThread.pumpOneEventForFilters(I)V+245
j  java.awt.EventDispatchThread.pumpEventsForFilter(ILjava/awt/Conditional;Ljava/awt/EventFilter;)V+35
j  java.awt.EventDispatchThread.pumpEventsForHierarchy(ILjava/awt/Conditional;Ljava/awt/Component;)V+11
j  java.awt.EventDispatchThread.pumpEvents(ILjava/awt/Conditional;)V+4
j  java.awt.EventDispatchThread.pumpEvents(Ljava/awt/Conditional;)V+3
j  java.awt.EventDispatchThread.run()V+9
v  ~StubRoutines::call_stub

---------------  P R O C E S S  ---------------

Java Threads: ( => current thread )
=>0x0000000028fbc800 JavaThread "AWT-EventQueue-0" [_thread_in_native, id=11140, stack(0x000000002e590000,0x000000002e690000)]
  0x0000000028fbc000 JavaThread "AWT-Shutdown" [_thread_blocked, id=21524, stack(0x000000002c480000,0x000000002c580000)]
  0x00000000202ba800 JavaThread "main-FPSAWTAnimator#00-Timer0-FPSAWTAnimator#00-Timer1" [_thread_in_native, id=9344, stack(0x0000000029f60000,0x000000002a060000)]
  0x00000000030ce000 JavaThread "DestroyJavaVM" [_thread_blocked, id=17316, stack(0x0000000002fc0000,0x00000000030c0000)]
  0x00000000200e4800 JavaThread "Thread-3" [_thread_blocked, id=15612, stack(0x0000000028ad0000,0x0000000028bd0000)]
  0x000000002004a000 JavaThread "main-SharedResourceRunner" daemon [_thread_blocked, id=11396, stack(0x0000000025100000,0x0000000025200000)]
  0x000000001fe4b000 JavaThread "main-Display-.windows_nil-1-EDT-1" daemon [_thread_blocked, id=19064, stack(0x0000000024c00000,0x0000000024d00000)]
  0x000000001fbf5000 JavaThread "AWT-Windows" daemon [_thread_in_native, id=17388, stack(0x00000000204e0000,0x00000000205e0000)]
  0x000000001fb99800 JavaThread "Java2D Disposer" daemon [_thread_blocked, id=21168, stack(0x00000000202e0000,0x00000000203e0000)]
  0x000000001ec80000 JavaThread "Service Thread" daemon [_thread_blocked, id=16944, stack(0x000000001f7b0000,0x000000001f8b0000)]
  0x000000001ebeb000 JavaThread "C1 CompilerThread3" daemon [_thread_blocked, id=18356, stack(0x000000001f6b0000,0x000000001f7b0000)]
  0x000000001ebe1800 JavaThread "C2 CompilerThread2" daemon [_thread_blocked, id=14788, stack(0x000000001f5b0000,0x000000001f6b0000)]
  0x000000001ebdc800 JavaThread "C2 CompilerThread1" daemon [_thread_blocked, id=11016, stack(0x000000001f4b0000,0x000000001f5b0000)]
  0x000000001ebda000 JavaThread "C2 CompilerThread0" daemon [_thread_blocked, id=8660, stack(0x000000001f3b0000,0x000000001f4b0000)]
  0x000000001ebd8800 JavaThread "Attach Listener" daemon [_thread_blocked, id=21648, stack(0x000000001f2b0000,0x000000001f3b0000)]
  0x000000001ebd5000 JavaThread "Signal Dispatcher" daemon [_thread_blocked, id=22084, stack(0x000000001f1b0000,0x000000001f2b0000)]
  0x00000000031ce800 JavaThread "Finalizer" daemon [_thread_blocked, id=22164, stack(0x000000001efb0000,0x000000001f0b0000)]
  0x00000000031c5000 JavaThread "Reference Handler" daemon [_thread_blocked, id=20092, stack(0x000000001eab0000,0x000000001ebb0000)]

Other Threads:
  0x000000001ccd9800 VMThread [stack: 0x000000001e9b0000,0x000000001eab0000] [id=19472]
  0x000000001ec96000 WatcherThread [stack: 0x000000001f8b0000,0x000000001f9b0000] [id=18000]

VM state:not at safepoint (normal execution)

VM Mutex/Monitor currently owned by a thread: None

Heap:
 PSYoungGen      total 98816K, used 28176K [0x000000076ae00000, 0x0000000772480000, 0x00000007c0000000)
  eden space 98304K, 28% used [0x000000076ae00000,0x000000076c954128,0x0000000770e00000)
  from space 512K, 37% used [0x0000000772380000,0x00000007723b0000,0x0000000772400000)
  to   space 512K, 0% used [0x0000000772400000,0x0000000772400000,0x0000000772480000)
 ParOldGen       total 175104K, used 81284K [0x00000006c0a00000, 0x00000006cb500000, 0x000000076ae00000)
  object space 175104K, 46% used [0x00000006c0a00000,0x00000006c5961010,0x00000006cb500000)
 Metaspace       used 17757K, capacity 17952K, committed 18176K, reserved 1064960K
  class space    used 1627K, capacity 1688K, committed 1792K, reserved 1048576K

Card table byte_map: [0x0000000012590000,0x0000000012d90000] byte_map_base: 0x000000000ef8b000

Marking Bits: (ParMarkBitMap*) 0x000000006ddba6c0
 Begin Bits: [0x0000000013af0000, 0x0000000017ac8000)
 End Bits:   [0x0000000017ac8000, 0x000000001baa0000)

Polling page: 0x0000000001860000

CodeCache: size=245760Kb used=7080Kb max_used=7870Kb free=238679Kb
 bounds [0x00000000031d0000, 0x0000000003990000, 0x00000000121d0000]
 total_blobs=2901 nmethods=2009 adapters=805
 compilation: enabled

Compilation events (10 events):
Event: 33.093 Thread 0x000000001ebda000 nmethod 2265 0x00000000033b8710 code [0x00000000033b8860, 0x00000000033b8928]
Event: 33.094 Thread 0x000000001ebe1800 nmethod 2266 0x00000000035f3790 code [0x00000000035f38e0, 0x00000000035f3a28]
Event: 33.613 Thread 0x000000001ebdc800 2267       4       AnimData::draw (395 bytes)
Event: 33.677 Thread 0x000000001ebdc800 nmethod 2267 0x0000000003556010 code [0x0000000003556460, 0x0000000003559200]
Event: 35.405 Thread 0x000000001ebda000 2268       4       jogamp.common.util.Int32Bitfield::check (49 bytes)
Event: 35.406 Thread 0x000000001ebda000 nmethod 2268 0x00000000033e9010 code [0x00000000033e9140, 0x00000000033e91b8]
Event: 35.694 Thread 0x000000001ebe1800 2269  s    4       jogamp.common.util.SyncedBitfield::get (11 bytes)
Event: 35.696 Thread 0x000000001ebe1800 nmethod 2269 0x000000000351c410 code [0x000000000351c560, 0x000000000351c818]
Event: 43.996 Thread 0x000000001ebdc800 2270  s    4       jogamp.opengl.FPSCounterImpl::tickFPS (144 bytes)
Event: 43.997 Thread 0x000000001ebdc800 nmethod 2270 0x0000000003304890 code [0x00000000033049e0, 0x0000000003304bf8]

GC Heap History (10 events):
Event: 33.744 GC heap before
{Heap before GC invocations=117 (full 0):
 PSYoungGen      total 113664K, used 102763K [0x000000076ae00000, 0x0000000772480000, 0x00000007c0000000)
  eden space 113152K, 90% used [0x000000076ae00000,0x000000077122ac38,0x0000000771c80000)
  from space 512K, 37% used [0x0000000772400000,0x0000000772430000,0x0000000772480000)
  to   space 512K, 0% used [0x0000000772380000,0x0000000772380000,0x0000000772400000)
 ParOldGen       total 175104K, used 81252K [0x00000006c0a00000, 0x00000006cb500000, 0x000000076ae00000)
  object space 175104K, 46% used [0x00000006c0a00000,0x00000006c5959010,0x00000006cb500000)
 Metaspace       used 17756K, capacity 17952K, committed 18176K, reserved 1064960K
  class space    used 1627K, capacity 1688K, committed 1792K, reserved 1048576K
Event: 33.745 GC heap after
Heap after GC invocations=117 (full 0):
 PSYoungGen      total 110592K, used 128K [0x000000076ae00000, 0x0000000772480000, 0x00000007c0000000)
  eden space 110080K, 0% used [0x000000076ae00000,0x000000076ae00000,0x0000000771980000)
  from space 512K, 25% used [0x0000000772380000,0x00000007723a0000,0x0000000772400000)
  to   space 512K, 0% used [0x0000000772400000,0x0000000772400000,0x0000000772480000)
 ParOldGen       total 175104K, used 81268K [0x00000006c0a00000, 0x00000006cb500000, 0x000000076ae00000)
  object space 175104K, 46% used [0x00000006c0a00000,0x00000006c595d010,0x00000006cb500000)
 Metaspace       used 17756K, capacity 17952K, committed 18176K, reserved 1064960K
  class space    used 1627K, capacity 1688K, committed 1792K, reserved 1048576K
}
Event: 33.876 GC heap before
{Heap before GC invocations=118 (full 0):
 PSYoungGen      total 110592K, used 102640K [0x000000076ae00000, 0x0000000772480000, 0x00000007c0000000)
  eden space 110080K, 93% used [0x000000076ae00000,0x000000077121c148,0x0000000771980000)
  from space 512K, 25% used [0x0000000772380000,0x00000007723a0000,0x0000000772400000)
  to   space 512K, 0% used [0x0000000772400000,0x0000000772400000,0x0000000772480000)
 ParOldGen       total 175104K, used 81268K [0x00000006c0a00000, 0x00000006cb500000, 0x000000076ae00000)
  object space 175104K, 46% used [0x00000006c0a00000,0x00000006c595d010,0x00000006cb500000)
 Metaspace       used 17756K, capacity 17952K, committed 18176K, reserved 1064960K
  class space    used 1627K, capacity 1688K, committed 1792K, reserved 1048576K
Event: 33.877 GC heap after
Heap after GC invocations=118 (full 0):
 PSYoungGen      total 107520K, used 96K [0x000000076ae00000, 0x0000000772480000, 0x00000007c0000000)
  eden space 107008K, 0% used [0x000000076ae00000,0x000000076ae00000,0x0000000771680000)
  from space 512K, 18% used [0x0000000772400000,0x0000000772418000,0x0000000772480000)
  to   space 512K, 0% used [0x0000000772380000,0x0000000772380000,0x0000000772400000)
 ParOldGen       total 175104K, used 81268K [0x00000006c0a00000, 0x00000006cb500000, 0x000000076ae00000)
  object space 175104K, 46% used [0x00000006c0a00000,0x00000006c595d010,0x00000006cb500000)
 Metaspace       used 17756K, capacity 17952K, committed 18176K, reserved 1064960K
  class space    used 1627K, capacity 1688K, committed 1792K, reserved 1048576K
}
Event: 34.011 GC heap before
{Heap before GC invocations=119 (full 0):
 PSYoungGen      total 107520K, used 102546K [0x000000076ae00000, 0x0000000772480000, 0x00000007c0000000)
  eden space 107008K, 95% used [0x000000076ae00000,0x000000077120c898,0x0000000771680000)
  from space 512K, 18% used [0x0000000772400000,0x0000000772418000,0x0000000772480000)
  to   space 512K, 0% used [0x0000000772380000,0x0000000772380000,0x0000000772400000)
 ParOldGen       total 175104K, used 81268K [0x00000006c0a00000, 0x00000006cb500000, 0x000000076ae00000)
  object space 175104K, 46% used [0x00000006c0a00000,0x00000006c595d010,0x00000006cb500000)
 Metaspace       used 17756K, capacity 17952K, committed 18176K, reserved 1064960K
  class space    used 1627K, capacity 1688K, committed 1792K, reserved 1048576K
Event: 34.011 GC heap after
Heap after GC invocations=119 (full 0):
 PSYoungGen      total 104448K, used 128K [0x000000076ae00000, 0x0000000772480000, 0x00000007c0000000)
  eden space 103936K, 0% used [0x000000076ae00000,0x000000076ae00000,0x0000000771380000)
  from space 512K, 25% used [0x0000000772380000,0x00000007723a0000,0x0000000772400000)
  to   space 512K, 0% used [0x0000000772400000,0x0000000772400000,0x0000000772480000)
 ParOldGen       total 175104K, used 81268K [0x00000006c0a00000, 0x00000006cb500000, 0x000000076ae00000)
  object space 175104K, 46% used [0x00000006c0a00000,0x00000006c595d010,0x00000006cb500000)
 Metaspace       used 17756K, capacity 17952K, committed 18176K, reserved 1064960K
  class space    used 1627K, capacity 1688K, committed 1792K, reserved 1048576K
}
Event: 34.138 GC heap before
{Heap before GC invocations=120 (full 0):
 PSYoungGen      total 104448K, used 102516K [0x000000076ae00000, 0x0000000772480000, 0x00000007c0000000)
  eden space 103936K, 98% used [0x000000076ae00000,0x00000007711fd1a0,0x0000000771380000)
  from space 512K, 25% used [0x0000000772380000,0x00000007723a0000,0x0000000772400000)
  to   space 512K, 0% used [0x0000000772400000,0x0000000772400000,0x0000000772480000)
 ParOldGen       total 175104K, used 81268K [0x00000006c0a00000, 0x00000006cb500000, 0x000000076ae00000)
  object space 175104K, 46% used [0x00000006c0a00000,0x00000006c595d010,0x00000006cb500000)
 Metaspace       used 17756K, capacity 17952K, committed 18176K, reserved 1064960K
  class space    used 1627K, capacity 1688K, committed 1792K, reserved 1048576K
Event: 34.139 GC heap after
Heap after GC invocations=120 (full 0):
 PSYoungGen      total 101376K, used 160K [0x000000076ae00000, 0x0000000772480000, 0x00000007c0000000)
  eden space 100864K, 0% used [0x000000076ae00000,0x000000076ae00000,0x0000000771080000)
  from space 512K, 31% used [0x0000000772400000,0x0000000772428000,0x0000000772480000)
  to   space 512K, 0% used [0x0000000772380000,0x0000000772380000,0x0000000772400000)
 ParOldGen       total 175104K, used 81284K [0x00000006c0a00000, 0x00000006cb500000, 0x000000076ae00000)
  object space 175104K, 46% used [0x00000006c0a00000,0x00000006c5961010,0x00000006cb500000)
 Metaspace       used 17756K, capacity 17952K, committed 18176K, reserved 1064960K
  class space    used 1627K, capacity 1688K, committed 1792K, reserved 1048576K
}
Event: 34.266 GC heap before
{Heap before GC invocations=121 (full 0):
 PSYoungGen      total 101376K, used 90474K [0x000000076ae00000, 0x0000000772480000, 0x00000007c0000000)
  eden space 100864K, 89% used [0x000000076ae00000,0x0000000770632bd8,0x0000000771080000)
  from space 512K, 31% used [0x0000000772400000,0x0000000772428000,0x0000000772480000)
  to   space 512K, 0% used [0x0000000772380000,0x0000000772380000,0x0000000772400000)
 ParOldGen       total 175104K, used 81284K [0x00000006c0a00000, 0x00000006cb500000, 0x000000076ae00000)
  object space 175104K, 46% used [0x00000006c0a00000,0x00000006c5961010,0x00000006cb500000)
 Metaspace       used 17757K, capacity 17952K, committed 18176K, reserved 1064960K
  class space    used 1627K, capacity 1688K, committed 1792K, reserved 1048576K
Event: 34.266 GC heap after
Heap after GC invocations=121 (full 0):
 PSYoungGen      total 98816K, used 192K [0x000000076ae00000, 0x0000000772480000, 0x00000007c0000000)
  eden space 98304K, 0% used [0x000000076ae00000,0x000000076ae00000,0x0000000770e00000)
  from space 512K, 37% used [0x0000000772380000,0x00000007723b0000,0x0000000772400000)
  to   space 512K, 0% used [0x0000000772400000,0x0000000772400000,0x0000000772480000)
 ParOldGen       total 175104K, used 81284K [0x00000006c0a00000, 0x00000006cb500000, 0x000000076ae00000)
  object space 175104K, 46% used [0x00000006c0a00000,0x00000006c5961010,0x00000006cb500000)
 Metaspace       used 17757K, capacity 17952K, committed 18176K, reserved 1064960K
  class space    used 1627K, capacity 1688K, committed 1792K, reserved 1048576K
}

Deoptimization events (10 events):
Event: 19.886 Thread 0x00000000202ba800 Uncommon trap: reason=unstable_if action=reinterpret pc=0x0000000003739890 method=processing.core.PFont.index(C)I @ 15
Event: 19.933 Thread 0x00000000202ba800 Uncommon trap: reason=unstable_if action=reinterpret pc=0x00000000037167c0 method=sun.font.FontDesignMetrics.getLatinCharWidth(C)F @ 11
Event: 19.933 Thread 0x00000000202ba800 Uncommon trap: reason=unstable_if action=reinterpret pc=0x000000000371f744 method=processing.core.PFont.index(C)I @ 15
Event: 19.935 Thread 0x00000000202ba800 Uncommon trap: reason=unstable_if action=reinterpret pc=0x000000000389a5ac method=com.jogamp.common.util.IntObjectHashMap.get(I)Ljava/lang/Object; @ 19
Event: 19.935 Thread 0x00000000202ba800 Uncommon trap: reason=predicate action=maybe_recompile pc=0x0000000003575c90 method=java.util.regex.Pattern$Slice.match(Ljava/util/regex/Matcher;ILjava/lang/CharSequence;)Z @ 21
Event: 19.937 Thread 0x00000000202ba800 Uncommon trap: reason=unstable_if action=reinterpret pc=0x00000000038042d0 method=processing.opengl.PShader.init()V @ 4
Event: 19.938 Thread 0x00000000202ba800 Uncommon trap: reason=unstable_if action=reinterpret pc=0x0000000003811e70 method=processing.opengl.PShader.setCommonUniforms()V @ 5
Event: 19.938 Thread 0x00000000202ba800 Uncommon trap: reason=unstable_if action=reinterpret pc=0x000000000375c8dc method=processing.opengl.PGL.updateFloatBuffer(Ljava/nio/FloatBuffer;[FZ)Ljava/nio/FloatBuffer; @ 16
Event: 20.231 Thread 0x00000000202ba800 Uncommon trap: reason=unstable_if action=reinterpret pc=0x0000000003701ebc method=processing.opengl.PGraphicsOpenGL$TessGeometry.polyIndexCheck(I)V @ 13
Event: 20.921 Thread 0x00000000202ba800 Uncommon trap: reason=unstable_if action=reinterpret pc=0x00000000037234a4 method=processing.core.PGraphics.colorCalc(FFFF)V @ 565

Internal exceptions (10 events):
Event: 0.087 Thread 0x00000000030ce000 Exception <a 'java/security/PrivilegedActionException'> (0x000000076af3b578) thrown at [C:\re\workspace\8-2-build-windows-amd64-cygwin\jdk8u111\7883\hotspot\src\share\vm\prims\jvm.cpp, line 1386]
Event: 0.087 Thread 0x00000000030ce000 Exception <a 'java/security/PrivilegedActionException'> (0x000000076af3b788) thrown at [C:\re\workspace\8-2-build-windows-amd64-cygwin\jdk8u111\7883\hotspot\src\share\vm\prims\jvm.cpp, line 1386]
Event: 0.087 Thread 0x00000000030ce000 Exception <a 'java/security/PrivilegedActionException'> (0x000000076af3f3d0) thrown at [C:\re\workspace\8-2-build-windows-amd64-cygwin\jdk8u111\7883\hotspot\src\share\vm\prims\jvm.cpp, line 1386]
Event: 0.087 Thread 0x00000000030ce000 Exception <a 'java/security/PrivilegedActionException'> (0x000000076af3f5e0) thrown at [C:\re\workspace\8-2-build-windows-amd64-cygwin\jdk8u111\7883\hotspot\src\share\vm\prims\jvm.cpp, line 1386]
Event: 0.097 Thread 0x00000000030ce000 Exception <a 'java/io/FileNotFoundException'> (0x000000076b0adce8) thrown at [C:\re\workspace\8-2-build-windows-amd64-cygwin\jdk8u111\7883\hotspot\src\share\vm\prims\jni.cpp, line 709]
Event: 0.122 Thread 0x00000000030ce000 Exception <a 'java/lang/NoSuchFieldError': method resolution failed> (0x000000076b17b328) thrown at [C:\re\workspace\8-2-build-windows-amd64-cygwin\jdk8u111\7883\hotspot\src\share\vm\prims\methodHandles.cpp, line 1146]
Event: 0.123 Thread 0x00000000030ce000 Exception <a 'java/lang/NoSuchFieldError': method resolution failed> (0x000000076b188678) thrown at [C:\re\workspace\8-2-build-windows-amd64-cygwin\jdk8u111\7883\hotspot\src\share\vm\prims\methodHandles.cpp, line 1146]
Event: 0.161 Thread 0x00000000030ce000 Exception <a 'java/io/FileNotFoundException'> (0x000000076b220870) thrown at [C:\re\workspace\8-2-build-windows-amd64-cygwin\jdk8u111\7883\hotspot\src\share\vm\prims\jni.cpp, line 709]
Event: 14.997 Thread 0x0000000028fbc800 Exception <a 'java/lang/ClassNotFoundException': sun/net/www/protocol/c/Handler> (0x000000076b932db8) thrown at [C:\re\workspace\8-2-build-windows-amd64-cygwin\jdk8u111\7883\hotspot\src\share\vm\classfile\systemDictionary.cpp, line 210]
Event: 19.935 Thread 0x00000000202ba800 Implicit null exception at 0x000000000389a52a to 0x000000000389a595

Events (10 events):
Event: 34.138 Executing VM operation: ParallelGCFailedAllocation
Event: 34.139 Executing VM operation: ParallelGCFailedAllocation done
Event: 34.250 Thread 0x000000001fbf2800 Thread added: 0x000000001fbf2800
Event: 34.250 Executing VM operation: RevokeBias
Event: 34.250 Executing VM operation: RevokeBias done
Event: 34.266 Executing VM operation: ParallelGCFailedAllocation
Event: 34.266 Executing VM operation: ParallelGCFailedAllocation done
Event: 39.763 Executing VM operation: RevokeBias
Event: 39.763 Executing VM operation: RevokeBias done
Event: 39.763 Thread 0x000000001fbf2800 Thread exited: 0x000000001fbf2800


Dynamic libraries:
0x00007ff7748f0000 - 0x00007ff774927000 	C:\Program Files\Java\jre1.8.0_111\bin\javaw.exe
0x00007ffd1b920000 - 0x00007ffd1baf1000 	C:\WINDOWS\SYSTEM32\ntdll.dll
0x00007ffd18fb0000 - 0x00007ffd1905b000 	C:\WINDOWS\System32\KERNEL32.DLL
0x00007ffd180e0000 - 0x00007ffd182fd000 	C:\WINDOWS\System32\KERNELBASE.dll
0x00007ffd19170000 - 0x00007ffd19212000 	C:\WINDOWS\System32\ADVAPI32.dll
0x00007ffd19060000 - 0x00007ffd190fe000 	C:\WINDOWS\System32\msvcrt.dll
0x00007ffd193d0000 - 0x00007ffd19429000 	C:\WINDOWS\System32\sechost.dll
0x00007ffd197f0000 - 0x00007ffd19911000 	C:\WINDOWS\System32\RPCRT4.dll
0x00007ffd19260000 - 0x00007ffd193c5000 	C:\WINDOWS\System32\USER32.dll
0x00007ffd18300000 - 0x00007ffd1831e000 	C:\WINDOWS\System32\win32u.dll
0x00007ffd19220000 - 0x00007ffd19254000 	C:\WINDOWS\System32\GDI32.dll
0x00007ffd184a0000 - 0x00007ffd18622000 	C:\WINDOWS\System32\gdi32full.dll
0x00007ffd0ba90000 - 0x00007ffd0bd09000 	C:\WINDOWS\WinSxS\amd64_microsoft.windows.common-controls_6595b64144ccf1df_6.0.14393.447_none_42191651c6827bb3\COMCTL32.dll
0x00007ffd19430000 - 0x00007ffd196f8000 	C:\WINDOWS\System32\combase.dll
0x00007ffd18d10000 - 0x00007ffd18e05000 	C:\WINDOWS\System32\ucrtbase.dll
0x00007ffd18320000 - 0x00007ffd1838a000 	C:\WINDOWS\System32\bcryptPrimitives.dll
0x00007ffd1b0c0000 - 0x00007ffd1b0ee000 	C:\WINDOWS\System32\IMM32.DLL
0x000000006d300000 - 0x000000006d3d2000 	C:\Program Files\Java\jre1.8.0_111\bin\msvcr100.dll
0x000000006d5a0000 - 0x000000006de3a000 	C:\Program Files\Java\jre1.8.0_111\bin\server\jvm.dll
0x00007ffd19770000 - 0x00007ffd19778000 	C:\WINDOWS\System32\PSAPI.DLL
0x00007ffd12e60000 - 0x00007ffd12e6a000 	C:\WINDOWS\SYSTEM32\VERSION.dll
0x00007ffd15a80000 - 0x00007ffd15aa3000 	C:\WINDOWS\SYSTEM32\WINMM.dll
0x00007ffd05e40000 - 0x00007ffd05e49000 	C:\WINDOWS\SYSTEM32\WSOCK32.dll
0x00007ffd19780000 - 0x00007ffd197ea000 	C:\WINDOWS\System32\WS2_32.dll
0x00007ffd15a40000 - 0x00007ffd15a6b000 	C:\WINDOWS\SYSTEM32\WINMMBASE.dll
0x00007ffd17fe0000 - 0x00007ffd18022000 	C:\WINDOWS\System32\cfgmgr32.dll
0x000000006d4b0000 - 0x000000006d4bf000 	C:\Program Files\Java\jre1.8.0_111\bin\verify.dll
0x000000006d480000 - 0x000000006d4a9000 	C:\Program Files\Java\jre1.8.0_111\bin\java.dll
0x000000006d460000 - 0x000000006d476000 	C:\Program Files\Java\jre1.8.0_111\bin\zip.dll
0x00007ffd19bb0000 - 0x00007ffd1b0b9000 	C:\WINDOWS\System32\SHELL32.dll
0x00007ffd18630000 - 0x00007ffd18d0a000 	C:\WINDOWS\System32\windows.storage.dll
0x00007ffd17dc0000 - 0x00007ffd17e0c000 	C:\WINDOWS\System32\powrprof.dll
0x00007ffd19110000 - 0x00007ffd19162000 	C:\WINDOWS\System32\shlwapi.dll
0x00007ffd17db0000 - 0x00007ffd17dbf000 	C:\WINDOWS\System32\kernel.appcore.dll
0x00007ffd18030000 - 0x00007ffd180d9000 	C:\WINDOWS\System32\shcore.dll
0x00007ffd17d90000 - 0x00007ffd17da4000 	C:\WINDOWS\System32\profapi.dll
0x000000006d160000 - 0x000000006d2f8000 	C:\Program Files\Java\jre1.8.0_111\bin\awt.dll
0x00007ffd19930000 - 0x00007ffd199ef000 	C:\WINDOWS\System32\OLEAUT32.dll
0x00007ffd18e10000 - 0x00007ffd18eac000 	C:\WINDOWS\System32\msvcp_win.dll
0x00007ffd16330000 - 0x00007ffd163aa000 	C:\WINDOWS\SYSTEM32\apphelp.dll
0x00007ffd16510000 - 0x00007ffd165a5000 	C:\WINDOWS\system32\uxtheme.dll
0x00007ffd199f0000 - 0x00007ffd19b4b000 	C:\WINDOWS\System32\MSCTF.dll
0x00007ffcf8330000 - 0x00007ffcf83c8000 	C:\Program Files\Common Files\microsoft shared\ink\tiptsf.dll
0x00007ffd14c50000 - 0x00007ffd14c76000 	C:\WINDOWS\system32\dwmapi.dll
0x00007ffd1b1f0000 - 0x00007ffd1b327000 	C:\WINDOWS\System32\ole32.dll
0x00007ffcd8800000 - 0x00007ffcd898d000 	C:\WINDOWS\system32\d3d9.dll
0x00007ffd12aa0000 - 0x00007ffd12c03000 	C:\WINDOWS\SYSTEM32\aticfx64.dll
0x00007ffcdb4f0000 - 0x00007ffcdb519000 	C:\WINDOWS\SYSTEM32\atiu9p64.dll
0x00007ffcd7fc0000 - 0x00007ffcd87f4000 	C:\WINDOWS\SYSTEM32\atiumd64.dll
0x0000000070850000 - 0x00000000710be000 	C:\WINDOWS\SYSTEM32\atiumd6a.dll
0x00007ffd177f0000 - 0x00007ffd17807000 	C:\WINDOWS\SYSTEM32\CRYPTSP.dll
0x00007ffd17260000 - 0x00007ffd17293000 	C:\WINDOWS\system32\rsaenh.dll
0x00007ffd17cc0000 - 0x00007ffd17ceb000 	C:\WINDOWS\SYSTEM32\bcrypt.dll
0x00007ffd174d0000 - 0x00007ffd174ef000 	C:\WINDOWS\SYSTEM32\USERENV.dll
0x00007ffd17810000 - 0x00007ffd1781b000 	C:\WINDOWS\SYSTEM32\CRYPTBASE.dll
0x000000006d440000 - 0x000000006d45a000 	C:\Program Files\Java\jre1.8.0_111\bin\net.dll
0x00007ffd17650000 - 0x00007ffd176ac000 	C:\WINDOWS\system32\mswsock.dll
0x00007ffd173e0000 - 0x00007ffd17418000 	C:\WINDOWS\SYSTEM32\IPHLPAPI.DLL
0x00007ffd19920000 - 0x00007ffd19928000 	C:\WINDOWS\System32\NSI.dll
0x00007ffd12d50000 - 0x00007ffd12d66000 	C:\WINDOWS\SYSTEM32\dhcpcsvc6.DLL
0x00007ffd12c50000 - 0x00007ffd12c6a000 	C:\WINDOWS\SYSTEM32\dhcpcsvc.DLL
0x000000006d420000 - 0x000000006d431000 	C:\Program Files\Java\jre1.8.0_111\bin\nio.dll
0x00000000637c0000 - 0x00000000637cd000 	C:\Users\Ian\AppData\Local\Temp\jogamp_0000\file_cache\jln3020424047232651557\jln8450277678731515979\natives\windows-amd64\gluegen-rt.dll
0x000000006d150000 - 0x000000006d157000 	C:\Program Files\Java\jre1.8.0_111\bin\jawt.dll
0x000000006a440000 - 0x000000006a44d000 	C:\Users\Ian\AppData\Local\Temp\jogamp_0000\file_cache\jln3020424047232651557\jln8450277678731515979\natives\windows-amd64\nativewindow_awt.dll
0x000000006c100000 - 0x000000006c10f000 	C:\Users\Ian\AppData\Local\Temp\jogamp_0000\file_cache\jln3020424047232651557\jln8450277678731515979\natives\windows-amd64\nativewindow_win32.dll
0x000000006cbc0000 - 0x000000006cbd3000 	C:\Users\Ian\AppData\Local\Temp\jogamp_0000\file_cache\jln3020424047232651557\jln8450277678731515979\natives\windows-amd64\newt.dll
0x00007ffce1130000 - 0x00007ffce11c1000 	C:\WINDOWS\SYSTEM32\mscms.dll
0x00007ffceb610000 - 0x00007ffceb652000 	C:\WINDOWS\SYSTEM32\icm32.dll
0x00007ffd1b4f0000 - 0x00007ffd1b919000 	C:\WINDOWS\System32\setupapi.dll
0x00007ffd169c0000 - 0x00007ffd169e8000 	C:\WINDOWS\SYSTEM32\DEVOBJ.dll
0x00007ffd18440000 - 0x00007ffd18495000 	C:\WINDOWS\System32\WINTRUST.dll
0x00007ffd17d80000 - 0x00007ffd17d90000 	C:\WINDOWS\System32\MSASN1.dll
0x00007ffd17e10000 - 0x00007ffd17fd9000 	C:\WINDOWS\System32\CRYPT32.dll
0x00007ffd02e40000 - 0x00007ffd02f63000 	C:\WINDOWS\SYSTEM32\OpenGL32.dll
0x00007ffce0180000 - 0x00007ffce0277000 	C:\WINDOWS\SYSTEM32\DDRAW.dll
0x00007ffd02f70000 - 0x00007ffd02f9d000 	C:\WINDOWS\SYSTEM32\GLU32.dll
0x00007ffd05d90000 - 0x00007ffd05d98000 	C:\WINDOWS\SYSTEM32\DCIMAN32.dll
0x0000000064500000 - 0x00000000645b1000 	C:\Users\Ian\AppData\Local\Temp\jogamp_0000\file_cache\jln3020424047232651557\jln8450277678731515979\natives\windows-amd64\jogl_desktop.dll
0x0000000064340000 - 0x00000000643a2000 	C:\Users\Ian\AppData\Local\Temp\jogamp_0000\file_cache\jln3020424047232651557\jln8450277678731515979\natives\windows-amd64\jogl_mobile.dll
0x00007ffce6d90000 - 0x00007ffce6daf000 	C:\WINDOWS\SYSTEM32\atig6pxx.dll
0x000000006e850000 - 0x000000007061b000 	C:\WINDOWS\SYSTEM32\atio6axx.dll
0x00007ffcea6e0000 - 0x00007ffcea821000 	C:\WINDOWS\SYSTEM32\atiadlxx.dll
0x00007ffd149f0000 - 0x00007ffd14b75000 	C:\WINDOWS\SYSTEM32\PROPSYS.dll
0x00007ffd15110000 - 0x00007ffd15123000 	C:\WINDOWS\SYSTEM32\WTSAPI32.dll
0x00007ffce6d50000 - 0x00007ffce6d82000 	C:\WINDOWS\SYSTEM32\atig6txx.dll
0x00007ffd1b150000 - 0x00007ffd1b1ef000 	C:\WINDOWS\System32\clbcatq.dll
0x00007ffcf7ed0000 - 0x00007ffcf807a000 	C:\Windows\System32\uiautomationcore.dll
0x00007ffd17c20000 - 0x00007ffd17cb8000 	C:\WINDOWS\SYSTEM32\sxs.dll
0x00007ffd0e260000 - 0x00007ffd0e2c5000 	C:\Windows\System32\OLEACC.dll
0x00007ffcfa5b0000 - 0x00007ffcfa62d000 	C:\WINDOWS\SYSTEM32\twinapi.dll
0x00007ffd167e0000 - 0x00007ffd168fc000 	C:\WINDOWS\SYSTEM32\twinapi.appcore.dll
0x000000006d100000 - 0x000000006d147000 	C:\Program Files\Java\jre1.8.0_111\bin\fontmanager.dll
0x000000006d0b0000 - 0x000000006d0f2000 	C:\Program Files\Java\jre1.8.0_111\bin\t2k.dll
0x00007ffd18eb0000 - 0x00007ffd18faa000 	C:\WINDOWS\System32\COMDLG32.dll
0x00007ffd05ba0000 - 0x00007ffd05ba9000 	C:\WINDOWS\SYSTEM32\atlthunk.dll
0x00007ffcf1350000 - 0x00007ffcf1392000 	C:\WINDOWS\SYSTEM32\edputil.dll
0x00007ffd145e0000 - 0x00007ffd14788000 	C:\WINDOWS\SYSTEM32\WindowsCodecs.dll
0x00007ffcf0d30000 - 0x00007ffcf0e02000 	C:\WINDOWS\SYSTEM32\ntshrui.dll
0x00007ffd17a50000 - 0x00007ffd17a7c000 	C:\WINDOWS\SYSTEM32\SspiCli.dll
0x00007ffcf6350000 - 0x00007ffcf6376000 	C:\WINDOWS\SYSTEM32\srvcli.dll
0x00007ffd0e9d0000 - 0x00007ffd0e9e2000 	C:\WINDOWS\SYSTEM32\cscapi.dll
0x00007ffd0b6f0000 - 0x00007ffd0b790000 	C:\WINDOWS\System32\StructuredQuery.dll
0x00007ffcf13a0000 - 0x00007ffcf13f3000 	C:\Windows\System32\thumbcache.dll
0x00007ffd10260000 - 0x00007ffd102a3000 	C:\WINDOWS\SYSTEM32\policymanager.dll
0x00007ffd16740000 - 0x00007ffd167d1000 	C:\WINDOWS\SYSTEM32\msvcp110_win.dll
0x00007ffcf2b60000 - 0x00007ffcf2ba9000 	C:\WINDOWS\system32\dataexchange.dll
0x00007ffd14d80000 - 0x00007ffd15036000 	C:\WINDOWS\system32\d3d11.dll
0x00007ffd15d20000 - 0x00007ffd15e71000 	C:\WINDOWS\system32\dcomp.dll
0x00007ffd16d10000 - 0x00007ffd16daf000 	C:\WINDOWS\system32\dxgi.dll
0x00007ffd14420000 - 0x00007ffd144ea000 	C:\WINDOWS\system32\Windows.Storage.Search.dll
0x00007ffcf08b0000 - 0x00007ffcf0970000 	C:\Program Files (x86)\Google\Drive\googledrivesync64.dll
0x00000000715f0000 - 0x00000000716c3000 	C:\WINDOWS\WinSxS\amd64_microsoft.vc90.crt_1fc8b3b9a1e18e3b_9.0.30729.9247_none_08e394a1a83e212f\MSVCP90.dll
0x00000000716d0000 - 0x0000000071773000 	C:\WINDOWS\WinSxS\amd64_microsoft.vc90.crt_1fc8b3b9a1e18e3b_9.0.30729.9247_none_08e394a1a83e212f\MSVCR90.dll
0x00007ffcf0830000 - 0x00007ffcf08af000 	C:\Program Files (x86)\Adobe\Adobe Creative Cloud\CoreSyncExtension\CoreSync_x64.dll
0x00007ffcf0610000 - 0x00007ffcf0822000 	C:\Users\Ian\AppData\Local\Microsoft\OneDrive\17.3.6743.1212\amd64\FileSyncShell64.dll
0x00007ffcf0560000 - 0x00007ffcf0606000 	C:\Users\Ian\AppData\Local\Microsoft\OneDrive\17.3.6743.1212\amd64\MSVCP120.dll
0x00007ffd080d0000 - 0x00007ffd08363000 	C:\WINDOWS\SYSTEM32\WININET.dll
0x00007ffcf0450000 - 0x00007ffcf046f000 	C:\Users\Ian\AppData\Local\Microsoft\OneDrive\17.3.6743.1212\amd64\LoggingPlatform64.DLL
0x00007ffcf0470000 - 0x00007ffcf055f000 	C:\Users\Ian\AppData\Local\Microsoft\OneDrive\17.3.6743.1212\amd64\MSVCR120.dll
0x00007ffcef870000 - 0x00007ffcef893000 	C:\WINDOWS\system32\mssprxy.dll
0x00007ffd15bc0000 - 0x00007ffd15bc9000 	C:\WINDOWS\system32\IconCodecService.dll
0x00007ffd0d820000 - 0x00007ffd0d927000 	C:\Windows\System32\MrmCoreR.dll
0x00007ffd0c430000 - 0x00007ffd0c6d3000 	C:\Windows\System32\iertutil.dll
0x00007ffd12d20000 - 0x00007ffd12d36000 	C:\WINDOWS\SYSTEM32\wkscli.dll
0x00007ffd147e0000 - 0x00007ffd14847000 	C:\Windows\System32\Bcp47Langs.dll
0x00007ffd174c0000 - 0x00007ffd174cd000 	C:\WINDOWS\SYSTEM32\netutils.dll
0x00007ffd0d750000 - 0x00007ffd0d81c000 	C:\Windows\System32\Windows.UI.dll

VM Arguments:
jvm_args: -Dfile.encoding=Cp1252 
java_command: NeuralPuppetRecorder
java_class_path (initial): C:\Users\Ian\Cargo\Projects\Neupup_Ani\NeuPupRecorder\NeuralPuppetRecorderJava\bin;C:\Users\Ian\Cargo\Projects\Neupup_Ani\NeuPupRecorder\NeuralPuppetRecorderJava\libs\Processing\core.jar;C:\Users\Ian\Cargo\Projects\Neupup_Ani\NeuPupRecorder\NeuralPuppetRecorderJava\libs\Processing\gluegen-rt-natives-linux-amd64.jar;C:\Users\Ian\Cargo\Projects\Neupup_Ani\NeuPupRecorder\NeuralPuppetRecorderJava\libs\Processing\gluegen-rt-natives-linux-armv6hf.jar;C:\Users\Ian\Cargo\Projects\Neupup_Ani\NeuPupRecorder\NeuralPuppetRecorderJava\libs\Processing\gluegen-rt-natives-linux-i586.jar;C:\Users\Ian\Cargo\Projects\Neupup_Ani\NeuPupRecorder\NeuralPuppetRecorderJava\libs\Processing\gluegen-rt-natives-macosx-universal.jar;C:\Users\Ian\Cargo\Projects\Neupup_Ani\NeuPupRecorder\NeuralPuppetRecorderJava\libs\Processing\gluegen-rt-natives-windows-amd64.jar;C:\Users\Ian\Cargo\Projects\Neupup_Ani\NeuPupRecorder\NeuralPuppetRecorderJava\libs\Processing\gluegen-rt-natives-windows-i586.jar;C:\Users\Ian\Cargo\Projects\Neupup_Ani\NeuPupRecorder\NeuralPuppetRecorderJava\libs\Processing\gluegen-rt.jar;C:\Users\Ian\Cargo\Projects\Neupup_Ani\NeuPupRecorder\NeuralPuppetRecorderJava\libs\Processing\jogl-all-natives-linux-amd64.jar;C:\Users\Ian\Cargo\Projects\Neupup_Ani\NeuPupRecorder\NeuralPuppetRecorderJava\libs\Processing\jogl-all-natives-linux-armv6hf.jar;C:\Users\Ian\Cargo\Projects\Neupup_Ani\NeuPupRecorder\NeuralPuppetRecorderJava\libs\Processing\jogl-all-natives-linux-i586.jar;C:\Users\Ian\Cargo\Projects\Neupup_Ani\NeuPupRecorder\NeuralPuppetRecorderJava\libs\Processing\jogl-all-natives-macosx-universal.jar;C:\Users\Ian\Cargo\Projects\Neupup_Ani\NeuPupRecorder\NeuralPuppetRecorderJava\libs\Processing\jogl-all-natives-windows-amd64.jar;C:\Users\Ian\Cargo\Projects\Neupup_Ani\NeuPupRecorder\NeuralPuppetRecorderJava\libs\Processing\jogl-all-natives-windows-i586.jar;C:\Users\Ian\Cargo\Projects\Neupup_Ani\NeuPupRecorder\NeuralPuppetRecorderJava\libs\Processing\jogl-all.jar
Launcher Type: SUN_STANDARD

Environment Variables:
PATH=C:/Program Files/Java/jre1.8.0_111/bin/server;C:/Program Files/Java/jre1.8.0_111/bin;C:/Program Files/Java/jre1.8.0_111/lib/amd64;C:\Program Files (x86)\Applications\Python27\;C:\Program Files (x86)\Applications\Python27\Scripts;C:\Program Files (x86)\Applications\Python35-32\Scripts\;C:\Program Files (x86)\Applications\Python35-32\;C:\ProgramData\Oracle\Java\javapath;C:\WINDOWS\system32;C:\WINDOWS;C:\WINDOWS\System32\Wbem;C:\WINDOWS\System32\WindowsPowerShell\v1.0\;C:\Program Files\Intel\WiFi\bin\;C:\Program Files\Common Files\Intel\WirelessCommon\;C:\Program Files (x86)\ATI Technologies\ATI.ACE\Core-Static;C:\Program Files (x86)\AMD\ATI.ACE\Core-Static;C:\Program Files (x86)\Applications\Gource\cmd;C:\Program Files (x86)\Applications\QuickTime Alternative\QTSystem;C:\Program Files\Common Files\Autodesk Shared\;C:\Program Files (x86)\Autodesk\Backburner\;C:\Program Files (x86)\Skype\Phone\;C:\Program Files (x86)\GtkSharp\2.12\bin;C:\Program Files\Intel\WiFi\bin\;C:\Program Files\Common Files\Intel\WirelessCommon\;C:\Users\Ian\AppData\Local\Microsoft\WindowsApps;;C:\Program Files (x86)\Applications\Microsoft VS Code\bin;C:\Program Files\Applications\Eclipse-Java-Mars\eclipse;
USERNAME=Ian
OS=Windows_NT
PROCESSOR_IDENTIFIER=Intel64 Family 6 Model 94 Stepping 3, GenuineIntel



---------------  S Y S T E M  ---------------

OS: Windows 10.0 , 64 bit Build 14393 (10.0.14393.0)

CPU:total 8 (4 cores per cpu, 2 threads per core) family 6 model 94 stepping 3, cmov, cx8, fxsr, mmx, sse, sse2, sse3, ssse3, sse4.1, sse4.2, popcnt, avx, avx2, aes, clmul, erms, rtm, 3dnowpref, lzcnt, ht, tsc, tscinvbit, bmi1, bmi2, adx

Memory: 4k page, physical 16728320k(7652220k free), swap 19904036k(2637940k free)

vm_info: Java HotSpot(TM) 64-Bit Server VM (25.111-b14) for windows-amd64 JRE (1.8.0_111-b14), built on Sep 22 2016 19:24:05 by "java_re" with MS VC++ 10.0 (VS2010)

time: Thu Mar 02 00:14:42 2017
elapsed time: 50 seconds (0d 0h 0m 50s)

